# JRE version: Java(TM) SE Runtime Environment (7.0_40-b43) (build 1.7.0_40-b43)
# Java VM: Java HotSpot(TM) 64-Bit Server VM (24.0-b56 mixed mode linux-amd64 compressed oops)
Heap
 PSYoungGen      total 28160K, used 2518K [0x00000000ec080000, 0x00000000ee880000, 0x0000000100000000)
  eden space 15360K, 7% used [0x00000000ec080000,0x00000000ec1b19a0,0x00000000ecf80000)
  from space 12800K, 10% used [0x00000000ecf80000,0x00000000ed0c3f60,0x00000000edc00000)
  to   space 12800K, 0% used [0x00000000edc00000,0x00000000edc00000,0x00000000ee880000)
 ParOldGen       total 40448K, used 19845K [0x00000000c4200000, 0x00000000c6980000, 0x00000000ec080000)
  object space 40448K, 49% used [0x00000000c4200000,0x00000000c5561518,0x00000000c6980000)
 PSPermGen       total 21504K, used 20353K [0x00000000bf000000, 0x00000000c0500000, 0x00000000c4200000)
  object space 21504K, 94% used [0x00000000bf000000,0x00000000c03e07d8,0x00000000c0500000)
GC Heap History (10 events):
Event: 1.590 GC heap before
{Heap before GC invocations=3 (full 0):
 PSYoungGen      total 17920K, used 17906K [0x00000000ec080000, 0x00000000ed480000, 0x0000000100000000)
  eden space 15360K, 100% used [0x00000000ec080000,0x00000000ecf80000,0x00000000ecf80000)
  from space 2560K, 99% used [0x00000000ed200000,0x00000000ed47c880,0x00000000ed480000)
  to   space 2560K, 0% used [0x00000000ecf80000,0x00000000ecf80000,0x00000000ed200000)
 ParOldGen       total 40448K, used 3970K [0x00000000c4200000, 0x00000000c6980000, 0x00000000ec080000)
  object space 40448K, 9% used [0x00000000c4200000,0x00000000c45e0840,0x00000000c6980000)
 PSPermGen       total 21504K, used 18652K [0x00000000bf000000, 0x00000000c0500000, 0x00000000c4200000)
  object space 21504K, 86% used [0x00000000bf000000,0x00000000c0237220,0x00000000c0500000)
Event: 1.598 GC heap after
Heap after GC invocations=3 (full 0):
 PSYoungGen      total 17920K, used 2530K [0x00000000ec080000, 0x00000000ee380000, 0x0000000100000000)
  eden space 15360K, 0% used [0x00000000ec080000,0x00000000ec080000,0x00000000ecf80000)
  from space 2560K, 98% used [0x00000000ecf80000,0x00000000ed1f8890,0x00000000ed200000)
  to   space 2560K, 0% used [0x00000000ee100000,0x00000000ee100000,0x00000000ee380000)
 ParOldGen       total 40448K, used 9382K [0x00000000c4200000, 0x00000000c6980000, 0x00000000ec080000)
  object space 40448K, 23% used [0x00000000c4200000,0x00000000c4b29ad0,0x00000000c6980000)
 PSPermGen       total 21504K, used 18652K [0x00000000bf000000, 0x00000000c0500000, 0x00000000c4200000)
  object space 21504K, 86% used [0x00000000bf000000,0x00000000c0237220,0x00000000c0500000)
}
Event: 7.902 GC heap before
{Heap before GC invocations=4 (full 0):
 PSYoungGen      total 17920K, used 17890K [0x00000000ec080000, 0x00000000ee380000, 0x0000000100000000)
  eden space 15360K, 100% used [0x00000000ec080000,0x00000000ecf80000,0x00000000ecf80000)
  from space 2560K, 98% used [0x00000000ecf80000,0x00000000ed1f8890,0x00000000ed200000)
  to   space 2560K, 0% used [0x00000000ee100000,0x00000000ee100000,0x00000000ee380000)
 ParOldGen       total 40448K, used 9382K [0x00000000c4200000, 0x00000000c6980000, 0x00000000ec080000)
  object space 40448K, 23% used [0x00000000c4200000,0x00000000c4b29ad0,0x00000000c6980000)
 PSPermGen       total 21504K, used 19928K [0x00000000bf000000, 0x00000000c0500000, 0x00000000c4200000)
  object space 21504K, 92% used [0x00000000bf000000,0x00000000c0376388,0x00000000c0500000)
Event: 7.908 GC heap after
Heap after GC invocations=4 (full 0):
 PSYoungGen      total 17920K, used 2545K [0x00000000ec080000, 0x00000000ee380000, 0x0000000100000000)
  eden space 15360K, 0% used [0x00000000ec080000,0x00000000ec080000,0x00000000ecf80000)
  from space 2560K, 99% used [0x00000000ee100000,0x00000000ee37c7b0,0x00000000ee380000)
  to   space 2560K, 0% used [0x00000000ecf80000,0x00000000ecf80000,0x00000000ed200000)
 ParOldGen       total 40448K, used 18433K [0x00000000c4200000, 0x00000000c6980000, 0x00000000ec080000)
  object space 40448K, 45% used [0x00000000c4200000,0x00000000c5400610,0x00000000c6980000)
 PSPermGen       total 21504K, used 19928K [0x00000000bf000000, 0x00000000c0500000, 0x00000000c4200000)
  object space 21504K, 92% used [0x00000000bf000000,0x00000000c0376388,0x00000000c0500000)
}
Event: 57.879 GC heap before
{Heap before GC invocations=5 (full 0):
 PSYoungGen      total 17920K, used 17905K [0x00000000ec080000, 0x00000000ee380000, 0x0000000100000000)
  eden space 15360K, 100% used [0x00000000ec080000,0x00000000ecf80000,0x00000000ecf80000)
  from space 2560K, 99% used [0x00000000ee100000,0x00000000ee37c7b0,0x00000000ee380000)
  to   space 2560K, 0% used [0x00000000ecf80000,0x00000000ecf80000,0x00000000ed200000)
 ParOldGen       total 40448K, used 18433K [0x00000000c4200000, 0x00000000c6980000, 0x00000000ec080000)
  object space 40448K, 45% used [0x00000000c4200000,0x00000000c5400610,0x00000000c6980000)
 PSPermGen       total 21504K, used 20209K [0x00000000bf000000, 0x00000000c0500000, 0x00000000c4200000)
  object space 21504K, 93% used [0x00000000bf000000,0x00000000c03bc450,0x00000000c0500000)
Event: 57.883 GC heap after
Heap after GC invocations=5 (full 0):
 PSYoungGen      total 17920K, used 2550K [0x00000000ec080000, 0x00000000ee980000, 0x0000000100000000)
  eden space 15360K, 0% used [0x00000000ec080000,0x00000000ec080000,0x00000000ecf80000)
  from space 2560K, 99% used [0x00000000ecf80000,0x00000000ed1fda60,0x00000000ed200000)
  to   space 13312K, 0% used [0x00000000edc80000,0x00000000edc80000,0x00000000ee980000)
 ParOldGen       total 40448K, used 18529K [0x00000000c4200000, 0x00000000c6980000, 0x00000000ec080000)
  object space 40448K, 45% used [0x00000000c4200000,0x00000000c5418610,0x00000000c6980000)
 PSPermGen       total 21504K, used 20209K [0x00000000bf000000, 0x00000000c0500000, 0x00000000c4200000)
  object space 21504K, 93% used [0x00000000bf000000,0x00000000c03bc450,0x00000000c0500000)
}
Event: 111.213 GC heap before
{Heap before GC invocations=6 (full 0):
 PSYoungGen      total 17920K, used 17910K [0x00000000ec080000, 0x00000000ee980000, 0x0000000100000000)
  eden space 15360K, 100% used [0x00000000ec080000,0x00000000ecf80000,0x00000000ecf80000)
  from space 2560K, 99% used [0x00000000ecf80000,0x00000000ed1fda60,0x00000000ed200000)
  to   space 13312K, 0% used [0x00000000edc80000,0x00000000edc80000,0x00000000ee980000)
 ParOldGen       total 40448K, used 18529K [0x00000000c4200000, 0x00000000c6980000, 0x00000000ec080000)
  object space 40448K, 45% used [0x00000000c4200000,0x00000000c5418610,0x00000000c6980000)
 PSPermGen       total 21504K, used 20245K [0x00000000bf000000, 0x00000000c0500000, 0x00000000c4200000)
  object space 21504K, 94% used [0x00000000bf000000,0x00000000c03c5760,0x00000000c0500000)
Event: 111.218 GC heap after
Heap after GC invocations=6 (full 0):
 PSYoungGen      total 27648K, used 2582K [0x00000000ec080000, 0x00000000ee880000, 0x0000000100000000)
  eden space 15360K, 0% used [0x00000000ec080000,0x00000000ec080000,0x00000000ecf80000)
  from space 12288K, 21% used [0x00000000edc80000,0x00000000edf05a60,0x00000000ee880000)
  to   space 12800K, 0% used [0x00000000ecf80000,0x00000000ecf80000,0x00000000edc00000)
 ParOldGen       total 40448K, used 18537K [0x00000000c4200000, 0x00000000c6980000, 0x00000000ec080000)
  object space 40448K, 45% used [0x00000000c4200000,0x00000000c541a610,0x00000000c6980000)
 PSPermGen       total 21504K, used 20245K [0x00000000bf000000, 0x00000000c0500000, 0x00000000c4200000)
  object space 21504K, 94% used [0x00000000bf000000,0x00000000c03c5760,0x00000000c0500000)
}
Event: 163.831 GC heap before
{Heap before GC invocations=7 (full 0):
 PSYoungGen      total 27648K, used 17942K [0x00000000ec080000, 0x00000000ee880000, 0x0000000100000000)
  eden space 15360K, 100% used [0x00000000ec080000,0x00000000ecf80000,0x00000000ecf80000)
  from space 12288K, 21% used [0x00000000edc80000,0x00000000edf05a60,0x00000000ee880000)
  to   space 12800K, 0% used [0x00000000ecf80000,0x00000000ecf80000,0x00000000edc00000)
 ParOldGen       total 40448K, used 18537K [0x00000000c4200000, 0x00000000c6980000, 0x00000000ec080000)
  object space 40448K, 45% used [0x00000000c4200000,0x00000000c541a610,0x00000000c6980000)
 PSPermGen       total 21504K, used 20245K [0x00000000bf000000, 0x00000000c0500000, 0x00000000c4200000)
  object space 21504K, 94% used [0x00000000bf000000,0x00000000c03c5760,0x00000000c0500000)
Event: 163.834 GC heap after
Heap after GC invocations=7 (full 0):
 PSYoungGen      total 28160K, used 1295K [0x00000000ec080000, 0x00000000ee880000, 0x0000000100000000)
  eden space 15360K, 0% used [0x00000000ec080000,0x00000000ec080000,0x00000000ecf80000)
  from space 12800K, 10% used [0x00000000ecf80000,0x00000000ed0c3f60,0x00000000edc00000)
  to   space 12800K, 0% used [0x00000000edc00000,0x00000000edc00000,0x00000000ee880000)
 ParOldGen       total 40448K, used 19845K [0x00000000c4200000, 0x00000000c6980000, 0x00000000ec080000)
  object space 40448K, 49% used [0x00000000c4200000,0x00000000c5561518,0x00000000c6980000)
 PSPermGen       total 21504K, used 20245K [0x00000000bf000000, 0x00000000c0500000, 0x00000000c4200000)
  object space 21504K, 94% used [0x00000000bf000000,0x00000000c03c5760,0x00000000c0500000)
}

